Using pre-set license
Built from '2021.3/staging' branch; Version is '2021.3.11f1 (0a5ca18544bf) revision 679073'; Using compiler version '192829333'; Build Type 'Release'
OS: 'Windows 10  (10.0.19042) 64bit Professional' Language: 'ru' Physical Memory: 16332 MB
BatchMode: 1, IsHumanControllingUs: 0, StartBugReporterOnCrash: 0, Is64bit: 1, IsPro: 1

COMMAND LINE ARGUMENTS:
C:\Program Files\Unity\2021.3.11f1\Editor\Unity.exe
-adb2
-batchMode
-noUpm
-name
AssetImportWorker1
-projectPath
D:/Repository/Agava-online-shooter
-logFile
Logs/AssetImportWorker1.log
-srvPort
53258
Successfully changed project path to: D:/Repository/Agava-online-shooter
D:/Repository/Agava-online-shooter
[UnityMemory] Configuration Parameters - Can be set up in boot.config
    "memorysetup-bucket-allocator-granularity=16"
    "memorysetup-bucket-allocator-bucket-count=8"
    "memorysetup-bucket-allocator-block-size=33554432"
    "memorysetup-bucket-allocator-block-count=8"
    "memorysetup-main-allocator-block-size=16777216"
    "memorysetup-thread-allocator-block-size=16777216"
    "memorysetup-gfx-main-allocator-block-size=16777216"
    "memorysetup-gfx-thread-allocator-block-size=16777216"
    "memorysetup-cache-allocator-block-size=4194304"
    "memorysetup-typetree-allocator-block-size=2097152"
    "memorysetup-profiler-bucket-allocator-granularity=16"
    "memorysetup-profiler-bucket-allocator-bucket-count=8"
    "memorysetup-profiler-bucket-allocator-block-size=33554432"
    "memorysetup-profiler-bucket-allocator-block-count=8"
    "memorysetup-profiler-allocator-block-size=16777216"
    "memorysetup-profiler-editor-allocator-block-size=1048576"
    "memorysetup-temp-allocator-size-main=16777216"
    "memorysetup-job-temp-allocator-block-size=2097152"
    "memorysetup-job-temp-allocator-block-size-background=1048576"
    "memorysetup-job-temp-allocator-reduction-small-platforms=262144"
    "memorysetup-temp-allocator-size-background-worker=32768"
    "memorysetup-temp-allocator-size-job-worker=262144"
    "memorysetup-temp-allocator-size-preload-manager=33554432"
    "memorysetup-temp-allocator-size-nav-mesh-worker=65536"
    "memorysetup-temp-allocator-size-audio-worker=65536"
    "memorysetup-temp-allocator-size-cloud-worker=32768"
    "memorysetup-temp-allocator-size-gi-baking-worker=262144"
    "memorysetup-temp-allocator-size-gfx=262144"
Refreshing native plugins compatible for Editor in 82.54 ms, found 3 plugins.
Preloading 0 native plugins for Editor in 0.00 ms.
Initialize engine version: 2021.3.11f1 (0a5ca18544bf)
[Subsystems] Discovering subsystems at path C:/Program Files/Unity/2021.3.11f1/Editor/Data/Resources/UnitySubsystems
[Subsystems] Discovering subsystems at path D:/Repository/Agava-online-shooter/Assets
GfxDevice: creating device client; threaded=0; jobified=0
Direct3D:
    Version:  Direct3D 11.0 [level 11.1]
    Renderer: NVIDIA GeForce GTX 1050 Ti (ID=0x1c82)
    Vendor:   NVIDIA
    VRAM:     4018 MB
    Driver:   31.0.15.1694
Initialize mono
Mono path[0] = 'C:/Program Files/Unity/2021.3.11f1/Editor/Data/Managed'
Mono path[1] = 'C:/Program Files/Unity/2021.3.11f1/Editor/Data/MonoBleedingEdge/lib/mono/unityjit-win32'
Mono config path = 'C:/Program Files/Unity/2021.3.11f1/Editor/Data/MonoBleedingEdge/etc'
Using monoOptions --debugger-agent=transport=dt_socket,embedding=1,server=y,suspend=n,address=127.0.0.1:56128
Begin MonoManager ReloadAssembly
Registering precompiled unity dll's ...
Register platform support module: C:/Program Files/Unity/2021.3.11f1/Editor/Data/PlaybackEngines/WebGLSupport/UnityEditor.WebGL.Extensions.dll
Register platform support module: C:/Program Files/Unity/2021.3.11f1/Editor/Data/PlaybackEngines/AndroidPlayer/UnityEditor.Android.Extensions.dll
Register platform support module: C:/Program Files/Unity/2021.3.11f1/Editor/Data/PlaybackEngines/WindowsStandaloneSupport/UnityEditor.WindowsStandalone.Extensions.dll
Registered in 0.003072 seconds.
Native extension for WindowsStandalone target not found
Native extension for Android target not found
Native extension for WebGL target not found
Refreshing native plugins compatible for Editor in 71.51 ms, found 3 plugins.
Preloading 0 native plugins for Editor in 0.00 ms.
Mono: successfully reloaded assembly
- Completed reload, in  0.539 seconds
Domain Reload Profiling:
	ReloadAssembly (539ms)
		BeginReloadAssembly (54ms)
			ExecutionOrderSort (0ms)
			DisableScriptedObjects (0ms)
			BackupInstance (0ms)
			ReleaseScriptingObjects (0ms)
			CreateAndSetChildDomain (1ms)
		EndReloadAssembly (401ms)
			LoadAssemblies (54ms)
			RebuildTransferFunctionScriptingTraits (0ms)
			SetupTypeCache (95ms)
			ReleaseScriptCaches (0ms)
			RebuildScriptCaches (26ms)
			SetupLoadedEditorAssemblies (239ms)
				LogAssemblyErrors (0ms)
				InitializePlatformSupportModulesInManaged (46ms)
				SetLoadedEditorAssemblies (0ms)
				RefreshPlugins (72ms)
				BeforeProcessingInitializeOnLoad (1ms)
				ProcessInitializeOnLoadAttributes (83ms)
				ProcessInitializeOnLoadMethodAttributes (36ms)
				AfterProcessingInitializeOnLoad (0ms)
				EditorAssembliesLoaded (0ms)
			ExecutionOrderSort2 (0ms)
			AwakeInstancesAfterBackupRestoration (0ms)
Platform modules already initialized, skipping
Registering precompiled user dll's ...
Registered in 0.003022 seconds.
Begin MonoManager ReloadAssembly
Symbol file LoadedFromMemory doesn't match image D:\Repository\Agava-online-shooter\Library\PackageCache\com.unity.visualscripting@1.7.8\Editor\VisualScripting.Core\Dependencies\YamlDotNet\Unity.VisualScripting.YamlDotNet.dll
Symbol file LoadedFromMemory doesn't match image D:\Repository\Agava-online-shooter\Library\PackageCache\com.unity.visualscripting@1.7.8\Editor\VisualScripting.Core\Dependencies\DotNetZip\Unity.VisualScripting.IonicZip.dll
Native extension for WindowsStandalone target not found
Native extension for Android target not found
Native extension for WebGL target not found
Refreshing native plugins compatible for Editor in 0.65 ms, found 3 plugins.
Preloading 0 native plugins for Editor in 0.00 ms.
Mono: successfully reloaded assembly
- Completed reload, in  1.076 seconds
Domain Reload Profiling:
	ReloadAssembly (1077ms)
		BeginReloadAssembly (242ms)
			ExecutionOrderSort (0ms)
			DisableScriptedObjects (8ms)
			BackupInstance (0ms)
			ReleaseScriptingObjects (0ms)
			CreateAndSetChildDomain (136ms)
		EndReloadAssembly (709ms)
			LoadAssemblies (77ms)
			RebuildTransferFunctionScriptingTraits (0ms)
			SetupTypeCache (234ms)
			ReleaseScriptCaches (1ms)
			RebuildScriptCaches (59ms)
			SetupLoadedEditorAssemblies (314ms)
				LogAssemblyErrors (0ms)
				InitializePlatformSupportModulesInManaged (11ms)
				SetLoadedEditorAssemblies (0ms)
				RefreshPlugins (1ms)
				BeforeProcessingInitializeOnLoad (69ms)
				ProcessInitializeOnLoadAttributes (205ms)
				ProcessInitializeOnLoadMethodAttributes (26ms)
				AfterProcessingInitializeOnLoad (3ms)
				EditorAssembliesLoaded (0ms)
			ExecutionOrderSort2 (0ms)
			AwakeInstancesAfterBackupRestoration (5ms)
Platform modules already initialized, skipping
========================================================================
Worker process is ready to serve import requests
Launched and connected shader compiler UnityShaderCompiler.exe after 0.03 seconds
Refreshing native plugins compatible for Editor in 0.90 ms, found 3 plugins.
Preloading 0 native plugins for Editor in 0.00 ms.
Unloading 3553 Unused Serialized files (Serialized files now loaded: 0)
Unloading 31 unused Assets / (57.2 KB). Loaded Objects now: 4012.
Memory consumption went from 128.0 MB to 128.0 MB.
Total: 2.907800 ms (FindLiveObjects: 0.343500 ms CreateObjectMapping: 0.095700 ms MarkObjects: 2.361900 ms  DeleteObjects: 0.105900 ms)

AssetImportParameters requested are different than current active one (requested -> active):
  custom:video-decoder-ogg-theora: a1e56fd34408186e4bbccfd4996cb3dc -> 
  custom:container-muxer-webm: aa71ff27fc2769a1b78a27578f13a17b -> 
  custom:container-demuxer-webm: 4f35f7cbe854078d1ac9338744f61a02 -> 
  custom:video-encoder-webm-vp8: eb34c28f22e8b96e1ab97ce403110664 -> 
  custom:audio-encoder-webm-vorbis: bf7c407c2cedff20999df2af8eb42d56 -> 
  custom:framework-win-MediaFoundation: 216162199b28c13a410421893ffa2e32 -> 
  custom:container-demuxer-ogg: 62fdf1f143b41e24485cea50d1cbac27 -> 
  custom:video-decoder-webm-vp8: 9c59270c3fd7afecdb556c50c9e8de78 -> 
  custom:audio-decoder-ogg-vorbis: bf7c407c2cedff20999df2af8eb42d56 -> 
========================================================================
Received Import Request.
  Time since last request: 12844.709793 seconds.
  path: Assets/PolygonPrototype/Models/Character_FPSHands_02.fbx
  artifactKey: Guid(dacb33b4a6c2e3e4486be79c593a23e4) Importer(815301076,1909f56bfc062723c751e8b465ee728b)
Start importing Assets/PolygonPrototype/Models/Character_FPSHands_02.fbx using Guid(dacb33b4a6c2e3e4486be79c593a23e4) Importer(815301076,1909f56bfc062723c751e8b465ee728b)  -> (artifact id: '774625ad6a10c53df598eff77001d0bd') in 0.179486 seconds 
========================================================================
Received Import Request.
  Time since last request: 0.000023 seconds.
  path: Assets/PolygonPrototype/Models/FOV.fbx
  artifactKey: Guid(6c71607f5442ec140a9649456733c939) Importer(815301076,1909f56bfc062723c751e8b465ee728b)
Start importing Assets/PolygonPrototype/Models/FOV.fbx using Guid(6c71607f5442ec140a9649456733c939) Importer(815301076,1909f56bfc062723c751e8b465ee728b)  -> (artifact id: 'e7718beb772110aaa661675dc592ec02') in 0.020291 seconds 
========================================================================
Received Import Request.
  Time since last request: 0.000021 seconds.
  path: Assets/PolygonPrototype/Models/SM_Buildings_Ramp_Corner_1x1_01.fbx
  artifactKey: Guid(511d99d66fd978741b5c0785e2ebfdc0) Importer(815301076,1909f56bfc062723c751e8b465ee728b)
Start importing Assets/PolygonPrototype/Models/SM_Buildings_Ramp_Corner_1x1_01.fbx using Guid(511d99d66fd978741b5c0785e2ebfdc0) Importer(815301076,1909f56bfc062723c751e8b465ee728b)  -> (artifact id: '06edb5595fc94962307b704819e2ca5a') in 0.011544 seconds 
========================================================================
Received Import Request.
  Time since last request: 0.000015 seconds.
  path: Assets/PolygonPrototype/Models/SM_Buildings_Ramp_Corner_1x1_01P.fbx
  artifactKey: Guid(fc6a33c2d2d84ab4f818c00a1ffed0b5) Importer(815301076,1909f56bfc062723c751e8b465ee728b)
Start importing Assets/PolygonPrototype/Models/SM_Buildings_Ramp_Corner_1x1_01P.fbx using Guid(fc6a33c2d2d84ab4f818c00a1ffed0b5) Importer(815301076,1909f56bfc062723c751e8b465ee728b)  -> (artifact id: '629ab609fe140bceabc63b7bb339bf43') in 0.010759 seconds 
========================================================================
Received Import Request.
  Time since last request: 0.000015 seconds.
  path: Assets/PolygonPrototype/Models/SM_Buildings_FloorCurved_5x5_01.fbx
  artifactKey: Guid(7fd55a78b1a6269469fdcfe44aa32b03) Importer(815301076,1909f56bfc062723c751e8b465ee728b)
Start importing Assets/PolygonPrototype/Models/SM_Buildings_FloorCurved_5x5_01.fbx using Guid(7fd55a78b1a6269469fdcfe44aa32b03) Importer(815301076,1909f56bfc062723c751e8b465ee728b)  -> (artifact id: 'c08fa70714ff6eb10f005c7fc2b9b853') in 0.010281 seconds 
========================================================================
Received Import Request.
  Time since last request: 0.000023 seconds.
  path: Assets/PolygonPrototype/Models/SM_Buildings_Ramp_70_1x1_01.fbx
  artifactKey: Guid(fc2c81bcdcc76754f932a5b884b9472d) Importer(815301076,1909f56bfc062723c751e8b465ee728b)
Start importing Assets/PolygonPrototype/Models/SM_Buildings_Ramp_70_1x1_01.fbx using Guid(fc2c81bcdcc76754f932a5b884b9472d) Importer(815301076,1909f56bfc062723c751e8b465ee728b)  -> (artifact id: '798051ebec56d5e1998a5f7ee76a105e') in 0.010793 seconds 
========================================================================
Received Import Request.
  Time since last request: 0.000016 seconds.
  path: Assets/PolygonPrototype/Models/SM_Buildings_Column_2x3_01.fbx
  artifactKey: Guid(b45e496b386039141af15f243dd3ac22) Importer(815301076,1909f56bfc062723c751e8b465ee728b)
Start importing Assets/PolygonPrototype/Models/SM_Buildings_Column_2x3_01.fbx using Guid(b45e496b386039141af15f243dd3ac22) Importer(815301076,1909f56bfc062723c751e8b465ee728b)  -> (artifact id: 'bd8741f8debd11be1e9446a66b98d3da') in 0.010676 seconds 
========================================================================
Received Import Request.
  Time since last request: 0.000017 seconds.
  path: Assets/PolygonPrototype/Models/SM_Buildings_RailStairs_1x1_01P.fbx
  artifactKey: Guid(706c3ab02139d744896f9e28f63949bb) Importer(815301076,1909f56bfc062723c751e8b465ee728b)
Start importing Assets/PolygonPrototype/Models/SM_Buildings_RailStairs_1x1_01P.fbx using Guid(706c3ab02139d744896f9e28f63949bb) Importer(815301076,1909f56bfc062723c751e8b465ee728b)  -> (artifact id: 'dc6b40e34a1db1496cc23eee156a0fbf') in 0.011215 seconds 
========================================================================
Received Import Request.
  Time since last request: 0.000014 seconds.
  path: Assets/PolygonPrototype/Models/SM_Buildings_Ramp_40_1x1_01P.fbx
  artifactKey: Guid(8a091faf784993643abfc9a48063d8fc) Importer(815301076,1909f56bfc062723c751e8b465ee728b)
Start importing Assets/PolygonPrototype/Models/SM_Buildings_Ramp_40_1x1_01P.fbx using Guid(8a091faf784993643abfc9a48063d8fc) Importer(815301076,1909f56bfc062723c751e8b465ee728b)  -> (artifact id: 'ac855d237dc8bf2b2b327e3e0fb4be0c') in 0.010991 seconds 
========================================================================
Received Import Request.
  Time since last request: 0.000017 seconds.
  path: Assets/PolygonPrototype/Models/SM_Buildings_RoofAngled_1x1_01.fbx
  artifactKey: Guid(e564d08ee9bd463498b4862a5501bcb9) Importer(815301076,1909f56bfc062723c751e8b465ee728b)
Start importing Assets/PolygonPrototype/Models/SM_Buildings_RoofAngled_1x1_01.fbx using Guid(e564d08ee9bd463498b4862a5501bcb9) Importer(815301076,1909f56bfc062723c751e8b465ee728b)  -> (artifact id: '2c9a93a3c6c9f961110c907ddd893093') in 0.011431 seconds 
========================================================================
Received Import Request.
  Time since last request: 0.000016 seconds.
  path: Assets/PolygonPrototype/Models/SM_Buildings_Ramp_30_1x1_01P.fbx
  artifactKey: Guid(066d1ccad821e0d4981b223352ed1a2d) Importer(815301076,1909f56bfc062723c751e8b465ee728b)
Start importing Assets/PolygonPrototype/Models/SM_Buildings_Ramp_30_1x1_01P.fbx using Guid(066d1ccad821e0d4981b223352ed1a2d) Importer(815301076,1909f56bfc062723c751e8b465ee728b)  -> (artifact id: '4943c7e887aacc063fa13622b89210a2') in 0.012432 seconds 
========================================================================
Received Import Request.
  Time since last request: 0.000024 seconds.
  path: Assets/PolygonPrototype/Models/SM_Buildings_DoorFrame_01.fbx
  artifactKey: Guid(c7bd79f25c690294f893f8905d2264f5) Importer(815301076,1909f56bfc062723c751e8b465ee728b)
Start importing Assets/PolygonPrototype/Models/SM_Buildings_DoorFrame_01.fbx using Guid(c7bd79f25c690294f893f8905d2264f5) Importer(815301076,1909f56bfc062723c751e8b465ee728b)  -> (artifact id: 'e410f9c6291ec51c25bee87cc1170d3e') in 0.012731 seconds 
========================================================================
Received Import Request.
  Time since last request: 0.000019 seconds.
  path: Assets/PolygonPrototype/Models/SM_Buildings_Rail_1x1_01P.fbx
  artifactKey: Guid(44a27fa982e24ef4d94fe0285eb20b0c) Importer(815301076,1909f56bfc062723c751e8b465ee728b)
Start importing Assets/PolygonPrototype/Models/SM_Buildings_Rail_1x1_01P.fbx using Guid(44a27fa982e24ef4d94fe0285eb20b0c) Importer(815301076,1909f56bfc062723c751e8b465ee728b)  -> (artifact id: 'f26324a956bbd02fd0588fccb110a13a') in 0.011242 seconds 
========================================================================
Received Import Request.
  Time since last request: 0.000026 seconds.
  path: Assets/PolygonPrototype/Models/SM_Buildings_Ramp_50_1x1_01.fbx
  artifactKey: Guid(594459aa04a62d341870a2163bedde39) Importer(815301076,1909f56bfc062723c751e8b465ee728b)
Start importing Assets/PolygonPrototype/Models/SM_Buildings_Ramp_50_1x1_01.fbx using Guid(594459aa04a62d341870a2163bedde39) Importer(815301076,1909f56bfc062723c751e8b465ee728b)  -> (artifact id: '2c2bf8392cf101eb1cd1ede1a83bf72f') in 0.010424 seconds 
========================================================================
Received Import Request.
  Time since last request: 0.000018 seconds.
  path: Assets/PolygonPrototype/Models/SM_Buildings_Floor_1x1_01P.fbx
  artifactKey: Guid(a967d43d87a0d7e468908e6ff4645e71) Importer(815301076,1909f56bfc062723c751e8b465ee728b)
Start importing Assets/PolygonPrototype/Models/SM_Buildings_Floor_1x1_01P.fbx using Guid(a967d43d87a0d7e468908e6ff4645e71) Importer(815301076,1909f56bfc062723c751e8b465ee728b)  -> (artifact id: '8d8b64a76b076408c4f5a2d29d12c773') in 0.011489 seconds 
========================================================================
Received Import Request.
  Time since last request: 0.000024 seconds.
  path: Assets/PolygonPrototype/Models/SM_Buildings_FloorCurved_2x2_01.fbx
  artifactKey: Guid(bd902f01c4ca3f04188be29e5572ced3) Importer(815301076,1909f56bfc062723c751e8b465ee728b)
Start importing Assets/PolygonPrototype/Models/SM_Buildings_FloorCurved_2x2_01.fbx using Guid(bd902f01c4ca3f04188be29e5572ced3) Importer(815301076,1909f56bfc062723c751e8b465ee728b)  -> (artifact id: 'af91793a2e02b281230e5dc4401153f5') in 0.013513 seconds 
========================================================================
Received Import Request.
  Time since last request: 0.000022 seconds.
  path: Assets/PolygonPrototype/Models/SM_Buildings_Rail_5x1_01P.fbx
  artifactKey: Guid(73282c0f90bcc6a45bf711cbfe956e50) Importer(815301076,1909f56bfc062723c751e8b465ee728b)
Start importing Assets/PolygonPrototype/Models/SM_Buildings_Rail_5x1_01P.fbx using Guid(73282c0f90bcc6a45bf711cbfe956e50) Importer(815301076,1909f56bfc062723c751e8b465ee728b)  -> (artifact id: '2468412f2c80f093fc79f8a089a013be') in 0.032663 seconds 
========================================================================
Received Import Request.
  Time since last request: 0.000024 seconds.
  path: Assets/PolygonPrototype/Models/SM_Buildings_Floor_5x5_01P.fbx
  artifactKey: Guid(dd9a02aea57eba148b3b2a1404bf194f) Importer(815301076,1909f56bfc062723c751e8b465ee728b)
Start importing Assets/PolygonPrototype/Models/SM_Buildings_Floor_5x5_01P.fbx using Guid(dd9a02aea57eba148b3b2a1404bf194f) Importer(815301076,1909f56bfc062723c751e8b465ee728b)  -> (artifact id: '1425c47bfa111e700d45f74412b5be13') in 0.011869 seconds 
========================================================================
Received Import Request.
  Time since last request: 0.000021 seconds.
  path: Assets/PolygonPrototype/Models/SM_Buildings_Floor_5x5_01.fbx
  artifactKey: Guid(1814c5a2e1817d745a0616837e37dd7b) Importer(815301076,1909f56bfc062723c751e8b465ee728b)
Start importing Assets/PolygonPrototype/Models/SM_Buildings_Floor_5x5_01.fbx using Guid(1814c5a2e1817d745a0616837e37dd7b) Importer(815301076,1909f56bfc062723c751e8b465ee728b)  -> (artifact id: '95c7d4f130ea211ccfbe83aae1c7806f') in 0.011957 seconds 
========================================================================
Received Import Request.
  Time since last request: 0.000020 seconds.
  path: Assets/PolygonPrototype/Models/SM_Buildings_FloorAngle_2x2_01P.fbx
  artifactKey: Guid(f6345c5ffba7efc4eb81aef2671a8761) Importer(815301076,1909f56bfc062723c751e8b465ee728b)
Start importing Assets/PolygonPrototype/Models/SM_Buildings_FloorAngle_2x2_01P.fbx using Guid(f6345c5ffba7efc4eb81aef2671a8761) Importer(815301076,1909f56bfc062723c751e8b465ee728b)  -> (artifact id: '9e0989339f2d362f5df03135c5ddd3c5') in 0.010602 seconds 
========================================================================
Received Import Request.
  Time since last request: 0.000014 seconds.
  path: Assets/PolygonPrototype/Models/SM_Buildings_Ramp_25_1x1_01P.fbx
  artifactKey: Guid(af10d369e76a8e04d819931f8a2d7713) Importer(815301076,1909f56bfc062723c751e8b465ee728b)
Start importing Assets/PolygonPrototype/Models/SM_Buildings_Ramp_25_1x1_01P.fbx using Guid(af10d369e76a8e04d819931f8a2d7713) Importer(815301076,1909f56bfc062723c751e8b465ee728b)  -> (artifact id: 'b65f0a3785e2113a0b3e36cfadf4b508') in 0.010790 seconds 
========================================================================
Received Import Request.
  Time since last request: 0.000015 seconds.
  path: Assets/PolygonPrototype/Models/SM_Buildings_FloorInner_Curved_1x1_01P.fbx
  artifactKey: Guid(de27ac15b544cd6469a3b4d2be085dc5) Importer(815301076,1909f56bfc062723c751e8b465ee728b)
Start importing Assets/PolygonPrototype/Models/SM_Buildings_FloorInner_Curved_1x1_01P.fbx using Guid(de27ac15b544cd6469a3b4d2be085dc5) Importer(815301076,1909f56bfc062723c751e8b465ee728b)  -> (artifact id: '08a035b25d3b49c5e02ce80b0bcceb1e') in 0.010809 seconds 
========================================================================
Received Import Request.
  Time since last request: 0.000014 seconds.
  path: Assets/PolygonPrototype/Models/SM_Buildings_FloorInner_Curved_5x5_01P.fbx
  artifactKey: Guid(c42e8dc3146e54f4eabae304a4b9c5d2) Importer(815301076,1909f56bfc062723c751e8b465ee728b)
Start importing Assets/PolygonPrototype/Models/SM_Buildings_FloorInner_Curved_5x5_01P.fbx using Guid(c42e8dc3146e54f4eabae304a4b9c5d2) Importer(815301076,1909f56bfc062723c751e8b465ee728b)  -> (artifact id: '09a33e6553eff443ac0176d5f0da8d5c') in 0.009951 seconds 
========================================================================
Received Import Request.
  Time since last request: 0.000016 seconds.
  path: Assets/PolygonPrototype/Models/SM_Buildings_RoofAngled_2x2_01P.fbx
  artifactKey: Guid(7fba5b447b033a84a8beafd094a7be3b) Importer(815301076,1909f56bfc062723c751e8b465ee728b)
Start importing Assets/PolygonPrototype/Models/SM_Buildings_RoofAngled_2x2_01P.fbx using Guid(7fba5b447b033a84a8beafd094a7be3b) Importer(815301076,1909f56bfc062723c751e8b465ee728b)  -> (artifact id: '4826b423089bb6a4dcfbf7c668c45343') in 0.011021 seconds 
========================================================================
Received Import Request.
  Time since last request: 0.000017 seconds.
  path: Assets/PolygonPrototype/Models/SM_Buildings_Ramp_45_1x1_01P.fbx
  artifactKey: Guid(9062750ab2c50154d97e419667e77b0f) Importer(815301076,1909f56bfc062723c751e8b465ee728b)
Start importing Assets/PolygonPrototype/Models/SM_Buildings_Ramp_45_1x1_01P.fbx using Guid(9062750ab2c50154d97e419667e77b0f) Importer(815301076,1909f56bfc062723c751e8b465ee728b)  -> (artifact id: '59e4c271fe3d9627a2a6d9b5f9c848af') in 0.011270 seconds 
========================================================================
Received Import Request.
  Time since last request: 0.000016 seconds.
  path: Assets/PolygonPrototype/Models/SM_Buildings_FloorAngle_1x1_01.fbx
  artifactKey: Guid(27251a3b0808c064a89b5b5b34aa6674) Importer(815301076,1909f56bfc062723c751e8b465ee728b)
Start importing Assets/PolygonPrototype/Models/SM_Buildings_FloorAngle_1x1_01.fbx using Guid(27251a3b0808c064a89b5b5b34aa6674) Importer(815301076,1909f56bfc062723c751e8b465ee728b)  -> (artifact id: '062800a9f08ad8f77f2893ff5a45e042') in 0.011529 seconds 
========================================================================
Received Import Request.
  Time since last request: 0.000012 seconds.
  path: Assets/PolygonPrototype/Models/SM_Buildings_Ramp_55_1x1_01.fbx
  artifactKey: Guid(f80bec96a9d981b44be16ce6da15e85a) Importer(815301076,1909f56bfc062723c751e8b465ee728b)
Start importing Assets/PolygonPrototype/Models/SM_Buildings_Ramp_55_1x1_01.fbx using Guid(f80bec96a9d981b44be16ce6da15e85a) Importer(815301076,1909f56bfc062723c751e8b465ee728b)  -> (artifact id: '4a301109f572e5d326e9bd23825ecac9') in 0.010809 seconds 
========================================================================
Received Import Request.
  Time since last request: 0.000015 seconds.
  path: Assets/PolygonPrototype/Models/SM_Buildings_Column_2x3_01P.fbx
  artifactKey: Guid(e939321fba13eac4e8154147baf7b90f) Importer(815301076,1909f56bfc062723c751e8b465ee728b)
Start importing Assets/PolygonPrototype/Models/SM_Buildings_Column_2x3_01P.fbx using Guid(e939321fba13eac4e8154147baf7b90f) Importer(815301076,1909f56bfc062723c751e8b465ee728b)  -> (artifact id: '45d28f0325eb1757d412fa8425159357') in 0.010916 seconds 
========================================================================
Received Import Request.
  Time since last request: 0.000018 seconds.
  path: Assets/PolygonPrototype/Models/SM_Buildings_Ramp_20_1x1_01.fbx
  artifactKey: Guid(5754b1e71f61c244b91d429382cfffa6) Importer(815301076,1909f56bfc062723c751e8b465ee728b)
Start importing Assets/PolygonPrototype/Models/SM_Buildings_Ramp_20_1x1_01.fbx using Guid(5754b1e71f61c244b91d429382cfffa6) Importer(815301076,1909f56bfc062723c751e8b465ee728b)  -> (artifact id: '59881f9d6840c6f8c56787c7aa122067') in 0.011282 seconds 
========================================================================
Received Import Request.
  Time since last request: 0.000018 seconds.
  path: Assets/PolygonPrototype/Models/SM_Buildings_Ramp_35_1x1_01.fbx
  artifactKey: Guid(82348002ad668f346b59d3348c58ba67) Importer(815301076,1909f56bfc062723c751e8b465ee728b)
Start importing Assets/PolygonPrototype/Models/SM_Buildings_Ramp_35_1x1_01.fbx using Guid(82348002ad668f346b59d3348c58ba67) Importer(815301076,1909f56bfc062723c751e8b465ee728b)  -> (artifact id: 'a4d7536e7c87d3f7d7b57402f3ea9cfb') in 0.009981 seconds 
========================================================================
Received Import Request.
  Time since last request: 0.000020 seconds.
  path: Assets/PolygonPrototype/Models/SM_Buildings_Rail_1x1_01.fbx
  artifactKey: Guid(c5bcb4f8573cb194dbacfa8c510e94f1) Importer(815301076,1909f56bfc062723c751e8b465ee728b)
Start importing Assets/PolygonPrototype/Models/SM_Buildings_Rail_1x1_01.fbx using Guid(c5bcb4f8573cb194dbacfa8c510e94f1) Importer(815301076,1909f56bfc062723c751e8b465ee728b)  -> (artifact id: '2e41cbb563edde482e1d519ea95c5e69') in 0.010608 seconds 
========================================================================
Received Import Request.
  Time since last request: 0.000023 seconds.
  path: Assets/PolygonPrototype/Models/SM_Buildings_FloorHole_2x2_01P.fbx
  artifactKey: Guid(c3d30422c98335a43a6d3b47f58df5c2) Importer(815301076,1909f56bfc062723c751e8b465ee728b)
Start importing Assets/PolygonPrototype/Models/SM_Buildings_FloorHole_2x2_01P.fbx using Guid(c3d30422c98335a43a6d3b47f58df5c2) Importer(815301076,1909f56bfc062723c751e8b465ee728b)  -> (artifact id: 'f0213af36a81a2d4067624991835932d') in 0.010928 seconds 
========================================================================
Received Import Request.
  Time since last request: 0.000015 seconds.
  path: Assets/PolygonPrototype/Models/SM_Buildings_Column_1x3_01P.fbx
  artifactKey: Guid(2efeb3cf1e1bb324ea1451eb66da2407) Importer(815301076,1909f56bfc062723c751e8b465ee728b)
Start importing Assets/PolygonPrototype/Models/SM_Buildings_Column_1x3_01P.fbx using Guid(2efeb3cf1e1bb324ea1451eb66da2407) Importer(815301076,1909f56bfc062723c751e8b465ee728b)  -> (artifact id: '4a796987ffd8ec953e0ab1a846ddeaf8') in 0.012026 seconds 
========================================================================
Received Import Request.
  Time since last request: 0.000013 seconds.
  path: Assets/PolygonPrototype/Models/SM_Buildings_FloorAngle_1x1_01P.fbx
  artifactKey: Guid(4984bd6409c68b741b7d860318f764e3) Importer(815301076,1909f56bfc062723c751e8b465ee728b)
Start importing Assets/PolygonPrototype/Models/SM_Buildings_FloorAngle_1x1_01P.fbx using Guid(4984bd6409c68b741b7d860318f764e3) Importer(815301076,1909f56bfc062723c751e8b465ee728b)  -> (artifact id: 'beeef75ad30894e932a1c59c030f5be7') in 0.010779 seconds 
========================================================================
Received Import Request.
  Time since last request: 0.000014 seconds.
  path: Assets/PolygonPrototype/Models/SM_Buildings_FloorHole_1x1_01.fbx
  artifactKey: Guid(d02e53d638e6f3e4abd2b2f206f9e7a5) Importer(815301076,1909f56bfc062723c751e8b465ee728b)
Start importing Assets/PolygonPrototype/Models/SM_Buildings_FloorHole_1x1_01.fbx using Guid(d02e53d638e6f3e4abd2b2f206f9e7a5) Importer(815301076,1909f56bfc062723c751e8b465ee728b)  -> (artifact id: '98196a6400174df187e189bd099dba93') in 0.011117 seconds 
========================================================================
Received Import Request.
  Time since last request: 0.000013 seconds.
  path: Assets/PolygonPrototype/Models/SM_Buildings_FloorCurved_5x5_01P.fbx
  artifactKey: Guid(7f26452310d4b0241acd662af3682f7c) Importer(815301076,1909f56bfc062723c751e8b465ee728b)
Start importing Assets/PolygonPrototype/Models/SM_Buildings_FloorCurved_5x5_01P.fbx using Guid(7f26452310d4b0241acd662af3682f7c) Importer(815301076,1909f56bfc062723c751e8b465ee728b)  -> (artifact id: '68fbb6ea1bb5eeeb163bf1ce28ea371c') in 0.011493 seconds 
========================================================================
Received Import Request.
  Time since last request: 0.000016 seconds.
  path: Assets/PolygonPrototype/Models/SM_Buildings_Floor_1x1_01.fbx
  artifactKey: Guid(bef96b6e1cd37444fa6937ae99361014) Importer(815301076,1909f56bfc062723c751e8b465ee728b)
Start importing Assets/PolygonPrototype/Models/SM_Buildings_Floor_1x1_01.fbx using Guid(bef96b6e1cd37444fa6937ae99361014) Importer(815301076,1909f56bfc062723c751e8b465ee728b)  -> (artifact id: '701166174693129b6ba5d032b70e2fab') in 0.010736 seconds 
========================================================================
Received Import Request.
  Time since last request: 0.000016 seconds.
  path: Assets/PolygonPrototype/Models/SM_Buildings_Column_1x3_01.fbx
  artifactKey: Guid(f75e2e3dd3c0f7847b6e3d95f101e29a) Importer(815301076,1909f56bfc062723c751e8b465ee728b)
Start importing Assets/PolygonPrototype/Models/SM_Buildings_Column_1x3_01.fbx using Guid(f75e2e3dd3c0f7847b6e3d95f101e29a) Importer(815301076,1909f56bfc062723c751e8b465ee728b)  -> (artifact id: '635b421cee94ed6b4bfcbe5e912c2ab8') in 0.010061 seconds 
========================================================================
Received Import Request.
  Time since last request: 0.000012 seconds.
  path: Assets/PolygonPrototype/Models/SM_Buildings_FloorInner_Curved_2x2_01P.fbx
  artifactKey: Guid(3f5c320a134f60343a8514a340a8a0dd) Importer(815301076,1909f56bfc062723c751e8b465ee728b)
Start importing Assets/PolygonPrototype/Models/SM_Buildings_FloorInner_Curved_2x2_01P.fbx using Guid(3f5c320a134f60343a8514a340a8a0dd) Importer(815301076,1909f56bfc062723c751e8b465ee728b)  -> (artifact id: '8fab1b46d2311ba17a02c5eb6fce5fac') in 0.011782 seconds 
========================================================================
Received Import Request.
  Time since last request: 0.000014 seconds.
  path: Assets/PolygonPrototype/Models/SM_Buildings_FloorCurved_1x1_01P.fbx
  artifactKey: Guid(80362ab97d7d00b4aa3e29813bbde786) Importer(815301076,1909f56bfc062723c751e8b465ee728b)
Start importing Assets/PolygonPrototype/Models/SM_Buildings_FloorCurved_1x1_01P.fbx using Guid(80362ab97d7d00b4aa3e29813bbde786) Importer(815301076,1909f56bfc062723c751e8b465ee728b)  -> (artifact id: '8d4f331efd308b2d5e56154bbc5ec873') in 0.009914 seconds 
========================================================================
Received Import Request.
  Time since last request: 0.000015 seconds.
  path: Assets/PolygonPrototype/Models/SM_Buildings_Ramp_30_1x1_01.fbx
  artifactKey: Guid(9680bb21f6e9c5e46845d5c6875584e9) Importer(815301076,1909f56bfc062723c751e8b465ee728b)
Start importing Assets/PolygonPrototype/Models/SM_Buildings_Ramp_30_1x1_01.fbx using Guid(9680bb21f6e9c5e46845d5c6875584e9) Importer(815301076,1909f56bfc062723c751e8b465ee728b)  -> (artifact id: 'e3e9b0a823af931d36d47a15ce5c336e') in 0.011098 seconds 
========================================================================
Received Import Request.
  Time since last request: 2.221309 seconds.
  path: Assets/PolygonPrototype/Textures/PolygonPrototype_Texture_02.png
  artifactKey: Guid(e6bcefb2a2fea3442809925e5d4fe224) Importer(815301076,1909f56bfc062723c751e8b465ee728b)
Start importing Assets/PolygonPrototype/Textures/PolygonPrototype_Texture_02.png using Guid(e6bcefb2a2fea3442809925e5d4fe224) Importer(815301076,1909f56bfc062723c751e8b465ee728b)  -> (artifact id: 'eaffe97d3e7e3c65d5a3e84a78b1b27c') in 0.016633 seconds 
========================================================================
Received Import Request.
  Time since last request: 0.000017 seconds.
  path: Assets/PolygonPrototype/Textures/PolygonPrototype_Texture_08.png
  artifactKey: Guid(ddab983e2c69e254983f35d0ef86f336) Importer(815301076,1909f56bfc062723c751e8b465ee728b)
Start importing Assets/PolygonPrototype/Textures/PolygonPrototype_Texture_08.png using Guid(ddab983e2c69e254983f35d0ef86f336) Importer(815301076,1909f56bfc062723c751e8b465ee728b)  -> (artifact id: '8814608e59a840ae63b785e566d312e0') in 0.008087 seconds 
========================================================================
Received Import Request.
  Time since last request: 0.000016 seconds.
  path: Assets/PolygonPrototype/Textures/PolygonPrototype_Texture_Grid_06.png
  artifactKey: Guid(bbc54c0e722a346408cd09eef6dc0cd6) Importer(815301076,1909f56bfc062723c751e8b465ee728b)
Start importing Assets/PolygonPrototype/Textures/PolygonPrototype_Texture_Grid_06.png using Guid(bbc54c0e722a346408cd09eef6dc0cd6) Importer(815301076,1909f56bfc062723c751e8b465ee728b)  -> (artifact id: '1c9ee3e71a16e4f092148529bdffe843') in 0.006860 seconds 
========================================================================
Received Import Request.
  Time since last request: 0.000024 seconds.
  path: Assets/PolygonPrototype/Textures/PolygonPrototype_Texture_09.png
  artifactKey: Guid(67844d2820eea35448a8cf014d6cba30) Importer(815301076,1909f56bfc062723c751e8b465ee728b)
Start importing Assets/PolygonPrototype/Textures/PolygonPrototype_Texture_09.png using Guid(67844d2820eea35448a8cf014d6cba30) Importer(815301076,1909f56bfc062723c751e8b465ee728b)  -> (artifact id: '58c371004c7c514359453e0f4cca072d') in 0.008995 seconds 
========================================================================
Received Import Request.
  Time since last request: 0.000016 seconds.
  path: Assets/PolygonPrototype/Textures/PolygonPrototype_Texture_Grid_03.png
  artifactKey: Guid(86507321c175292409cc422c5e33d711) Importer(815301076,1909f56bfc062723c751e8b465ee728b)
Start importing Assets/PolygonPrototype/Textures/PolygonPrototype_Texture_Grid_03.png using Guid(86507321c175292409cc422c5e33d711) Importer(815301076,1909f56bfc062723c751e8b465ee728b)  -> (artifact id: 'fb390b4c13dd076f820c8d21f5da4900') in 0.007302 seconds 
========================================================================
Received Import Request.
  Time since last request: 0.000021 seconds.
  path: Assets/PolygonPrototype/Textures/PolygonPrototype_Texture_Grid_04.png
  artifactKey: Guid(c7c5239ae4b2ace4d8774918a50a940a) Importer(815301076,1909f56bfc062723c751e8b465ee728b)
Start importing Assets/PolygonPrototype/Textures/PolygonPrototype_Texture_Grid_04.png using Guid(c7c5239ae4b2ace4d8774918a50a940a) Importer(815301076,1909f56bfc062723c751e8b465ee728b)  -> (artifact id: 'bb7b83efa58d0ceb8aea4a8010a9564e') in 0.007601 seconds 
========================================================================
Received Import Request.
  Time since last request: 0.000015 seconds.
  path: Assets/PolygonPrototype/Textures/PolygonPrototype_Texture_Grid_Glass_01.png
  artifactKey: Guid(1432e62c10501d147a873c128326f711) Importer(815301076,1909f56bfc062723c751e8b465ee728b)
Start importing Assets/PolygonPrototype/Textures/PolygonPrototype_Texture_Grid_Glass_01.png using Guid(1432e62c10501d147a873c128326f711) Importer(815301076,1909f56bfc062723c751e8b465ee728b)  -> (artifact id: '3645293c95e67daf60cb14beff46df56') in 0.008784 seconds 
========================================================================
Received Import Request.
  Time since last request: 0.000022 seconds.
  path: Assets/PolygonPrototype/Textures/PolygonPrototype_Texture_05.png
  artifactKey: Guid(df7c0e6cf8f64a44ea359c778e386616) Importer(815301076,1909f56bfc062723c751e8b465ee728b)
Start importing Assets/PolygonPrototype/Textures/PolygonPrototype_Texture_05.png using Guid(df7c0e6cf8f64a44ea359c778e386616) Importer(815301076,1909f56bfc062723c751e8b465ee728b)  -> (artifact id: 'c71db3bda775e46de001535207ac9d31') in 0.008746 seconds 
========================================================================
Received Import Request.
  Time since last request: 0.000021 seconds.
  path: Assets/PolygonPrototype/Textures/Wire_Alpha.tga
  artifactKey: Guid(2363feb64a80fad4b96e561d7907a8b0) Importer(815301076,1909f56bfc062723c751e8b465ee728b)
Start importing Assets/PolygonPrototype/Textures/Wire_Alpha.tga using Guid(2363feb64a80fad4b96e561d7907a8b0) Importer(815301076,1909f56bfc062723c751e8b465ee728b)  -> (artifact id: 'fe58ae314e1c58b8922ccbbd58678177') in 0.009327 seconds 
Editor requested this worker to shutdown with reason: Scaling down because of idle timeout
AssetImportWorker is now disconnected from the server
Process exiting
Exiting without the bug reporter. Application will terminate with return code 0