Using pre-set license
Built from '2021.3/staging' branch; Version is '2021.3.11f1 (0a5ca18544bf) revision 679073'; Using compiler version '192829333'; Build Type 'Release'
OS: 'Windows 10  (10.0.19042) 64bit Professional' Language: 'ru' Physical Memory: 16332 MB
BatchMode: 1, IsHumanControllingUs: 0, StartBugReporterOnCrash: 0, Is64bit: 1, IsPro: 1

COMMAND LINE ARGUMENTS:
C:\Program Files\Unity\2021.3.11f1\Editor\Unity.exe
-adb2
-batchMode
-noUpm
-name
AssetImportWorker0
-projectPath
D:/Repository/Agava-online-shooter
-logFile
Logs/AssetImportWorker0.log
-srvPort
53258
Successfully changed project path to: D:/Repository/Agava-online-shooter
D:/Repository/Agava-online-shooter
[UnityMemory] Configuration Parameters - Can be set up in boot.config
    "memorysetup-bucket-allocator-granularity=16"
    "memorysetup-bucket-allocator-bucket-count=8"
    "memorysetup-bucket-allocator-block-size=33554432"
    "memorysetup-bucket-allocator-block-count=8"
    "memorysetup-main-allocator-block-size=16777216"
    "memorysetup-thread-allocator-block-size=16777216"
    "memorysetup-gfx-main-allocator-block-size=16777216"
    "memorysetup-gfx-thread-allocator-block-size=16777216"
    "memorysetup-cache-allocator-block-size=4194304"
    "memorysetup-typetree-allocator-block-size=2097152"
    "memorysetup-profiler-bucket-allocator-granularity=16"
    "memorysetup-profiler-bucket-allocator-bucket-count=8"
    "memorysetup-profiler-bucket-allocator-block-size=33554432"
    "memorysetup-profiler-bucket-allocator-block-count=8"
    "memorysetup-profiler-allocator-block-size=16777216"
    "memorysetup-profiler-editor-allocator-block-size=1048576"
    "memorysetup-temp-allocator-size-main=16777216"
    "memorysetup-job-temp-allocator-block-size=2097152"
    "memorysetup-job-temp-allocator-block-size-background=1048576"
    "memorysetup-job-temp-allocator-reduction-small-platforms=262144"
    "memorysetup-temp-allocator-size-background-worker=32768"
    "memorysetup-temp-allocator-size-job-worker=262144"
    "memorysetup-temp-allocator-size-preload-manager=33554432"
    "memorysetup-temp-allocator-size-nav-mesh-worker=65536"
    "memorysetup-temp-allocator-size-audio-worker=65536"
    "memorysetup-temp-allocator-size-cloud-worker=32768"
    "memorysetup-temp-allocator-size-gi-baking-worker=262144"
    "memorysetup-temp-allocator-size-gfx=262144"
Refreshing native plugins compatible for Editor in 78.74 ms, found 3 plugins.
Preloading 0 native plugins for Editor in 0.00 ms.
Initialize engine version: 2021.3.11f1 (0a5ca18544bf)
[Subsystems] Discovering subsystems at path C:/Program Files/Unity/2021.3.11f1/Editor/Data/Resources/UnitySubsystems
[Subsystems] Discovering subsystems at path D:/Repository/Agava-online-shooter/Assets
GfxDevice: creating device client; threaded=0; jobified=0
Direct3D:
    Version:  Direct3D 11.0 [level 11.1]
    Renderer: NVIDIA GeForce GTX 1050 Ti (ID=0x1c82)
    Vendor:   NVIDIA
    VRAM:     4018 MB
    Driver:   31.0.15.1694
Initialize mono
Mono path[0] = 'C:/Program Files/Unity/2021.3.11f1/Editor/Data/Managed'
Mono path[1] = 'C:/Program Files/Unity/2021.3.11f1/Editor/Data/MonoBleedingEdge/lib/mono/unityjit-win32'
Mono config path = 'C:/Program Files/Unity/2021.3.11f1/Editor/Data/MonoBleedingEdge/etc'
Using monoOptions --debugger-agent=transport=dt_socket,embedding=1,server=y,suspend=n,address=127.0.0.1:56604
Begin MonoManager ReloadAssembly
Registering precompiled unity dll's ...
Register platform support module: C:/Program Files/Unity/2021.3.11f1/Editor/Data/PlaybackEngines/WebGLSupport/UnityEditor.WebGL.Extensions.dll
Register platform support module: C:/Program Files/Unity/2021.3.11f1/Editor/Data/PlaybackEngines/AndroidPlayer/UnityEditor.Android.Extensions.dll
Register platform support module: C:/Program Files/Unity/2021.3.11f1/Editor/Data/PlaybackEngines/WindowsStandaloneSupport/UnityEditor.WindowsStandalone.Extensions.dll
Registered in 0.003302 seconds.
Native extension for WindowsStandalone target not found
Native extension for Android target not found
Native extension for WebGL target not found
Refreshing native plugins compatible for Editor in 69.84 ms, found 3 plugins.
Preloading 0 native plugins for Editor in 0.00 ms.
Mono: successfully reloaded assembly
- Completed reload, in  0.543 seconds
Domain Reload Profiling:
	ReloadAssembly (544ms)
		BeginReloadAssembly (55ms)
			ExecutionOrderSort (0ms)
			DisableScriptedObjects (0ms)
			BackupInstance (0ms)
			ReleaseScriptingObjects (0ms)
			CreateAndSetChildDomain (1ms)
		EndReloadAssembly (403ms)
			LoadAssemblies (55ms)
			RebuildTransferFunctionScriptingTraits (0ms)
			SetupTypeCache (99ms)
			ReleaseScriptCaches (0ms)
			RebuildScriptCaches (26ms)
			SetupLoadedEditorAssemblies (237ms)
				LogAssemblyErrors (0ms)
				InitializePlatformSupportModulesInManaged (45ms)
				SetLoadedEditorAssemblies (0ms)
				RefreshPlugins (70ms)
				BeforeProcessingInitializeOnLoad (1ms)
				ProcessInitializeOnLoadAttributes (82ms)
				ProcessInitializeOnLoadMethodAttributes (39ms)
				AfterProcessingInitializeOnLoad (0ms)
				EditorAssembliesLoaded (0ms)
			ExecutionOrderSort2 (0ms)
			AwakeInstancesAfterBackupRestoration (0ms)
Platform modules already initialized, skipping
Registering precompiled user dll's ...
Registered in 0.003142 seconds.
Begin MonoManager ReloadAssembly
Symbol file LoadedFromMemory doesn't match image D:\Repository\Agava-online-shooter\Library\PackageCache\com.unity.visualscripting@1.7.8\Editor\VisualScripting.Core\Dependencies\YamlDotNet\Unity.VisualScripting.YamlDotNet.dll
Symbol file LoadedFromMemory doesn't match image D:\Repository\Agava-online-shooter\Library\PackageCache\com.unity.visualscripting@1.7.8\Editor\VisualScripting.Core\Dependencies\DotNetZip\Unity.VisualScripting.IonicZip.dll
Native extension for WindowsStandalone target not found
Native extension for Android target not found
Native extension for WebGL target not found
Refreshing native plugins compatible for Editor in 0.95 ms, found 3 plugins.
Preloading 0 native plugins for Editor in 0.00 ms.
Mono: successfully reloaded assembly
- Completed reload, in  1.056 seconds
Domain Reload Profiling:
	ReloadAssembly (1057ms)
		BeginReloadAssembly (231ms)
			ExecutionOrderSort (0ms)
			DisableScriptedObjects (5ms)
			BackupInstance (0ms)
			ReleaseScriptingObjects (0ms)
			CreateAndSetChildDomain (129ms)
		EndReloadAssembly (693ms)
			LoadAssemblies (74ms)
			RebuildTransferFunctionScriptingTraits (0ms)
			SetupTypeCache (229ms)
			ReleaseScriptCaches (1ms)
			RebuildScriptCaches (53ms)
			SetupLoadedEditorAssemblies (311ms)
				LogAssemblyErrors (0ms)
				InitializePlatformSupportModulesInManaged (11ms)
				SetLoadedEditorAssemblies (0ms)
				RefreshPlugins (1ms)
				BeforeProcessingInitializeOnLoad (70ms)
				ProcessInitializeOnLoadAttributes (199ms)
				ProcessInitializeOnLoadMethodAttributes (27ms)
				AfterProcessingInitializeOnLoad (3ms)
				EditorAssembliesLoaded (0ms)
			ExecutionOrderSort2 (0ms)
			AwakeInstancesAfterBackupRestoration (5ms)
Platform modules already initialized, skipping
========================================================================
Worker process is ready to serve import requests
Launched and connected shader compiler UnityShaderCompiler.exe after 0.03 seconds
Refreshing native plugins compatible for Editor in 0.89 ms, found 3 plugins.
Preloading 0 native plugins for Editor in 0.00 ms.
Unloading 3553 Unused Serialized files (Serialized files now loaded: 0)
Unloading 31 unused Assets / (57.2 KB). Loaded Objects now: 4012.
Memory consumption went from 128.0 MB to 128.0 MB.
Total: 3.394000 ms (FindLiveObjects: 0.372900 ms CreateObjectMapping: 0.151600 ms MarkObjects: 2.737300 ms  DeleteObjects: 0.131000 ms)

AssetImportParameters requested are different than current active one (requested -> active):
  custom:video-decoder-ogg-theora: a1e56fd34408186e4bbccfd4996cb3dc -> 
  custom:container-muxer-webm: aa71ff27fc2769a1b78a27578f13a17b -> 
  custom:container-demuxer-webm: 4f35f7cbe854078d1ac9338744f61a02 -> 
  custom:video-encoder-webm-vp8: eb34c28f22e8b96e1ab97ce403110664 -> 
  custom:audio-encoder-webm-vorbis: bf7c407c2cedff20999df2af8eb42d56 -> 
  custom:framework-win-MediaFoundation: 216162199b28c13a410421893ffa2e32 -> 
  custom:container-demuxer-ogg: 62fdf1f143b41e24485cea50d1cbac27 -> 
  custom:video-decoder-webm-vp8: 9c59270c3fd7afecdb556c50c9e8de78 -> 
  custom:audio-decoder-ogg-vorbis: bf7c407c2cedff20999df2af8eb42d56 -> 
========================================================================
Received Import Request.
  Time since last request: 12729.261580 seconds.
  path: Assets/Scripts/Player/Gun/Rifle.cs
  artifactKey: Guid(7cc142be1f51f094093d6b607ed17daf) Importer(815301076,1909f56bfc062723c751e8b465ee728b)
Start importing Assets/Scripts/Player/Gun/Rifle.cs using Guid(7cc142be1f51f094093d6b607ed17daf) Importer(815301076,1909f56bfc062723c751e8b465ee728b)  -> (artifact id: '2d26650604975b33231b3de995201567') in 0.015565 seconds 
========================================================================
Received Import Request.
  Time since last request: 46.077098 seconds.
  path: Assets/Scripts/Player/Gun/Gun.cs
  artifactKey: Guid(dadea6edca5b9204dbdbee2d54659d3d) Importer(815301076,1909f56bfc062723c751e8b465ee728b)
Start importing Assets/Scripts/Player/Gun/Gun.cs using Guid(dadea6edca5b9204dbdbee2d54659d3d) Importer(815301076,1909f56bfc062723c751e8b465ee728b)  -> (artifact id: 'c84179069f87fa927350637cb1c12639') in 0.000802 seconds 
========================================================================
Received Import Request.
  Time since last request: 2.730908 seconds.
  path: Assets/Scripts/Player/Gun/PlayerHand.cs
  artifactKey: Guid(0f54fa3dbe8da794aa1f8c25fc2a8a97) Importer(815301076,1909f56bfc062723c751e8b465ee728b)
Start importing Assets/Scripts/Player/Gun/PlayerHand.cs using Guid(0f54fa3dbe8da794aa1f8c25fc2a8a97) Importer(815301076,1909f56bfc062723c751e8b465ee728b)  -> (artifact id: 'ee2039dc21b96db1d0a0940a7c6c8577') in 0.000802 seconds 
========================================================================
Received Import Request.
  Time since last request: 0.826196 seconds.
  path: Assets/Scripts/Player/Gun/GunSpawner.cs
  artifactKey: Guid(505fbd431c8ada142a3ee6c551997aac) Importer(815301076,1909f56bfc062723c751e8b465ee728b)
Start importing Assets/Scripts/Player/Gun/GunSpawner.cs using Guid(505fbd431c8ada142a3ee6c551997aac) Importer(815301076,1909f56bfc062723c751e8b465ee728b)  -> (artifact id: '52ba524670c5bee62fe46b246213217d') in 0.000867 seconds 
========================================================================
Received Import Request.
  Time since last request: 65.778702 seconds.
  path: Assets/PolygonPrototype/Models/Character_FPSHands_01.fbx
  artifactKey: Guid(3c34d2567f522774bb262a3cfdbc15ae) Importer(815301076,1909f56bfc062723c751e8b465ee728b)
Start importing Assets/PolygonPrototype/Models/Character_FPSHands_01.fbx using Guid(3c34d2567f522774bb262a3cfdbc15ae) Importer(815301076,1909f56bfc062723c751e8b465ee728b)  -> (artifact id: '20e0bff8b44c3fd0d666347c2399efa9') in 0.160784 seconds 
========================================================================
Received Import Request.
  Time since last request: 0.000018 seconds.
  path: Assets/PolygonPrototype/Models/SM_Buildings_Ramp_60_1x1_01P.fbx
  artifactKey: Guid(5646b47812647344d99a24387fa27501) Importer(815301076,1909f56bfc062723c751e8b465ee728b)
Start importing Assets/PolygonPrototype/Models/SM_Buildings_Ramp_60_1x1_01P.fbx using Guid(5646b47812647344d99a24387fa27501) Importer(815301076,1909f56bfc062723c751e8b465ee728b)  -> (artifact id: '6fa7bffe585092d6454e8dd376ebf9fe') in 0.021543 seconds 
========================================================================
Received Import Request.
  Time since last request: 0.000020 seconds.
  path: Assets/PolygonPrototype/Models/SM_Buildings_FloorAngle_2x2_01.fbx
  artifactKey: Guid(5718d656de0048e4695d21aa67507aea) Importer(815301076,1909f56bfc062723c751e8b465ee728b)
Start importing Assets/PolygonPrototype/Models/SM_Buildings_FloorAngle_2x2_01.fbx using Guid(5718d656de0048e4695d21aa67507aea) Importer(815301076,1909f56bfc062723c751e8b465ee728b)  -> (artifact id: 'edca5c8e6e4f5cadc1ce6fe833269cfd') in 0.012095 seconds 
========================================================================
Received Import Request.
  Time since last request: 0.000016 seconds.
  path: Assets/PolygonPrototype/Models/SM_Buildings_Block_1x1_01.fbx
  artifactKey: Guid(caed417d0c17a134696ff2ef8b52a764) Importer(815301076,1909f56bfc062723c751e8b465ee728b)
Start importing Assets/PolygonPrototype/Models/SM_Buildings_Block_1x1_01.fbx using Guid(caed417d0c17a134696ff2ef8b52a764) Importer(815301076,1909f56bfc062723c751e8b465ee728b)  -> (artifact id: 'f1f10b41127eddcd63de1da300203565') in 0.010905 seconds 
========================================================================
Received Import Request.
  Time since last request: 0.000036 seconds.
  path: Assets/PolygonPrototype/Models/SM_Buildings_Floor_2x2_01P.fbx
  artifactKey: Guid(9f00cae941aaaa142ade9d9171b47d06) Importer(815301076,1909f56bfc062723c751e8b465ee728b)
Start importing Assets/PolygonPrototype/Models/SM_Buildings_Floor_2x2_01P.fbx using Guid(9f00cae941aaaa142ade9d9171b47d06) Importer(815301076,1909f56bfc062723c751e8b465ee728b)  -> (artifact id: '83ff666690876104c8347fdc4bc5c3a5') in 0.010858 seconds 
========================================================================
Received Import Request.
  Time since last request: 0.000020 seconds.
  path: Assets/PolygonPrototype/Models/SM_Buildings_FloorCurved_1x1_01.fbx
  artifactKey: Guid(5d36a7f2cc18ba347b8ed5ef83b06f7f) Importer(815301076,1909f56bfc062723c751e8b465ee728b)
Start importing Assets/PolygonPrototype/Models/SM_Buildings_FloorCurved_1x1_01.fbx using Guid(5d36a7f2cc18ba347b8ed5ef83b06f7f) Importer(815301076,1909f56bfc062723c751e8b465ee728b)  -> (artifact id: '267a9c28ed0499d0cd9c77709f3f554f') in 0.011881 seconds 
========================================================================
Received Import Request.
  Time since last request: 0.000022 seconds.
  path: Assets/PolygonPrototype/Models/SM_Buildings_FloorHole_5x5_01.fbx
  artifactKey: Guid(f708e6521ccdf2a40aa73a43cc62c5be) Importer(815301076,1909f56bfc062723c751e8b465ee728b)
Start importing Assets/PolygonPrototype/Models/SM_Buildings_FloorHole_5x5_01.fbx using Guid(f708e6521ccdf2a40aa73a43cc62c5be) Importer(815301076,1909f56bfc062723c751e8b465ee728b)  -> (artifact id: '13c353c1cb47414ceb8276e16775d603') in 0.010723 seconds 
========================================================================
Received Import Request.
  Time since last request: 0.000017 seconds.
  path: Assets/PolygonPrototype/Models/SM_Buildings_RoofAngled_2x2_01.fbx
  artifactKey: Guid(81679a764e1ae56448fa294dfffdf906) Importer(815301076,1909f56bfc062723c751e8b465ee728b)
Start importing Assets/PolygonPrototype/Models/SM_Buildings_RoofAngled_2x2_01.fbx using Guid(81679a764e1ae56448fa294dfffdf906) Importer(815301076,1909f56bfc062723c751e8b465ee728b)  -> (artifact id: '86a5c72f719524a93499b8dec618800b') in 0.011579 seconds 
========================================================================
Received Import Request.
  Time since last request: 0.000015 seconds.
  path: Assets/PolygonPrototype/Models/SM_Buildings_RailStairs_1x1_01.fbx
  artifactKey: Guid(3f6767cdc60801749bd95917b2d8d833) Importer(815301076,1909f56bfc062723c751e8b465ee728b)
Start importing Assets/PolygonPrototype/Models/SM_Buildings_RailStairs_1x1_01.fbx using Guid(3f6767cdc60801749bd95917b2d8d833) Importer(815301076,1909f56bfc062723c751e8b465ee728b)  -> (artifact id: '6119524a2964ac330df8a65f14b69eb1') in 0.011427 seconds 
========================================================================
Received Import Request.
  Time since last request: 0.000017 seconds.
  path: Assets/PolygonPrototype/Models/SM_Buildings_Block_1x1_02.fbx
  artifactKey: Guid(d6432d0969107d640bf77b6507ea972d) Importer(815301076,1909f56bfc062723c751e8b465ee728b)
Start importing Assets/PolygonPrototype/Models/SM_Buildings_Block_1x1_02.fbx using Guid(d6432d0969107d640bf77b6507ea972d) Importer(815301076,1909f56bfc062723c751e8b465ee728b)  -> (artifact id: '7549e5561c4da3234cbbf208bd890405') in 0.011092 seconds 
========================================================================
Received Import Request.
  Time since last request: 0.000014 seconds.
  path: Assets/PolygonPrototype/Models/SM_Buildings_Ramp_65_1x1_01.fbx
  artifactKey: Guid(672caa81702b2b94d88ecc083d978687) Importer(815301076,1909f56bfc062723c751e8b465ee728b)
Start importing Assets/PolygonPrototype/Models/SM_Buildings_Ramp_65_1x1_01.fbx using Guid(672caa81702b2b94d88ecc083d978687) Importer(815301076,1909f56bfc062723c751e8b465ee728b)  -> (artifact id: '6e944f5723f24804bbaa2b4c8ebff3c0') in 0.011772 seconds 
========================================================================
Received Import Request.
  Time since last request: 0.000029 seconds.
  path: Assets/PolygonPrototype/Models/SM_Buildings_Ramp_45_1x1_01.fbx
  artifactKey: Guid(e773e5e2f9670824bad8b836f8425d2c) Importer(815301076,1909f56bfc062723c751e8b465ee728b)
Start importing Assets/PolygonPrototype/Models/SM_Buildings_Ramp_45_1x1_01.fbx using Guid(e773e5e2f9670824bad8b836f8425d2c) Importer(815301076,1909f56bfc062723c751e8b465ee728b)  -> (artifact id: 'e9af143eca0f0726c79b87b77c6a23f6') in 0.010862 seconds 
========================================================================
Received Import Request.
  Time since last request: 0.000015 seconds.
  path: Assets/PolygonPrototype/Models/Characters.fbx
  artifactKey: Guid(b5f71c859f9f9bf41badda8a4650082c) Importer(815301076,1909f56bfc062723c751e8b465ee728b)
Start importing Assets/PolygonPrototype/Models/Characters.fbx using Guid(b5f71c859f9f9bf41badda8a4650082c) Importer(815301076,1909f56bfc062723c751e8b465ee728b)  -> (artifact id: '219e18f53dbd6b6a481a57a478be8019') in 0.073923 seconds 
========================================================================
Received Import Request.
  Time since last request: 0.000020 seconds.
  path: Assets/PolygonPrototype/Models/SM_Buildings_DoorFrame_01P.fbx
  artifactKey: Guid(53c270d943ecb814ebf270977caf95a6) Importer(815301076,1909f56bfc062723c751e8b465ee728b)
Start importing Assets/PolygonPrototype/Models/SM_Buildings_DoorFrame_01P.fbx using Guid(53c270d943ecb814ebf270977caf95a6) Importer(815301076,1909f56bfc062723c751e8b465ee728b)  -> (artifact id: 'fe7b448d307e34bdff95fae8b64caceb') in 0.034551 seconds 
========================================================================
Received Import Request.
  Time since last request: 0.000021 seconds.
  path: Assets/PolygonPrototype/Models/SM_Buildings_Floor_2x2_01.fbx
  artifactKey: Guid(65ebb9950643af640a5070a9367992d1) Importer(815301076,1909f56bfc062723c751e8b465ee728b)
Start importing Assets/PolygonPrototype/Models/SM_Buildings_Floor_2x2_01.fbx using Guid(65ebb9950643af640a5070a9367992d1) Importer(815301076,1909f56bfc062723c751e8b465ee728b)  -> (artifact id: 'aa485f2a3580a74084d42c10138ab5f9') in 0.011097 seconds 
========================================================================
Received Import Request.
  Time since last request: 0.000027 seconds.
  path: Assets/PolygonPrototype/Models/SM_Buildings_FloorHole_2x2_01.fbx
  artifactKey: Guid(e0e60385ca7898242b4e07f84e90d728) Importer(815301076,1909f56bfc062723c751e8b465ee728b)
Start importing Assets/PolygonPrototype/Models/SM_Buildings_FloorHole_2x2_01.fbx using Guid(e0e60385ca7898242b4e07f84e90d728) Importer(815301076,1909f56bfc062723c751e8b465ee728b)  -> (artifact id: '45f816a341f1465a8d6612776767dd14') in 0.012106 seconds 
========================================================================
Received Import Request.
  Time since last request: 0.000022 seconds.
  path: Assets/PolygonPrototype/Models/SM_Buildings_Ramp_70_1x1_01P.fbx
  artifactKey: Guid(ba4a56f3a2c378042aba513daf8ec5ed) Importer(815301076,1909f56bfc062723c751e8b465ee728b)
Start importing Assets/PolygonPrototype/Models/SM_Buildings_Ramp_70_1x1_01P.fbx using Guid(ba4a56f3a2c378042aba513daf8ec5ed) Importer(815301076,1909f56bfc062723c751e8b465ee728b)  -> (artifact id: '289d4a129df97948b89d198be82732b1') in 0.011723 seconds 
========================================================================
Received Import Request.
  Time since last request: 0.000020 seconds.
  path: Assets/PolygonPrototype/Models/SM_Buildings_FloorInner_Curved_5x5_01.fbx
  artifactKey: Guid(52c22e70fe7f9e74e81b2a6d2b1deec2) Importer(815301076,1909f56bfc062723c751e8b465ee728b)
Start importing Assets/PolygonPrototype/Models/SM_Buildings_FloorInner_Curved_5x5_01.fbx using Guid(52c22e70fe7f9e74e81b2a6d2b1deec2) Importer(815301076,1909f56bfc062723c751e8b465ee728b)  -> (artifact id: '1a2834a25f02ccf5f334afdd3a1cedbb') in 0.011391 seconds 
========================================================================
Received Import Request.
  Time since last request: 0.000018 seconds.
  path: Assets/PolygonPrototype/Models/SM_Buildings_FloorHole_5x5_01P.fbx
  artifactKey: Guid(e3d255a8e6f423a448ece83d2cc32dbc) Importer(815301076,1909f56bfc062723c751e8b465ee728b)
Start importing Assets/PolygonPrototype/Models/SM_Buildings_FloorHole_5x5_01P.fbx using Guid(e3d255a8e6f423a448ece83d2cc32dbc) Importer(815301076,1909f56bfc062723c751e8b465ee728b)  -> (artifact id: '37f8f7dbce5feb9bdc224f889090098b') in 0.011183 seconds 
========================================================================
Received Import Request.
  Time since last request: 0.000020 seconds.
  path: Assets/PolygonPrototype/Models/SM_Buildings_FloorInner_Curved_1x1_01.fbx
  artifactKey: Guid(757b44d57c065eb4fb47a106dc527c99) Importer(815301076,1909f56bfc062723c751e8b465ee728b)
Start importing Assets/PolygonPrototype/Models/SM_Buildings_FloorInner_Curved_1x1_01.fbx using Guid(757b44d57c065eb4fb47a106dc527c99) Importer(815301076,1909f56bfc062723c751e8b465ee728b)  -> (artifact id: 'b5ab888fe9b7b3e5431b3d14996149db') in 0.010710 seconds 
========================================================================
Received Import Request.
  Time since last request: 0.000017 seconds.
  path: Assets/PolygonPrototype/Models/SM_Buildings_Ramp_65_1x1_01P.fbx
  artifactKey: Guid(9bd53a8eb87ec0c49a0e0bc25c2412e8) Importer(815301076,1909f56bfc062723c751e8b465ee728b)
Start importing Assets/PolygonPrototype/Models/SM_Buildings_Ramp_65_1x1_01P.fbx using Guid(9bd53a8eb87ec0c49a0e0bc25c2412e8) Importer(815301076,1909f56bfc062723c751e8b465ee728b)  -> (artifact id: '1eafe1e91f93a38aeac5c9cf380f3fd6') in 0.013127 seconds 
========================================================================
Received Import Request.
  Time since last request: 0.000014 seconds.
  path: Assets/PolygonPrototype/Models/SM_Buildings_Ramp_55_1x1_01P.fbx
  artifactKey: Guid(07b430dbba196884e8d93522495830e2) Importer(815301076,1909f56bfc062723c751e8b465ee728b)
Start importing Assets/PolygonPrototype/Models/SM_Buildings_Ramp_55_1x1_01P.fbx using Guid(07b430dbba196884e8d93522495830e2) Importer(815301076,1909f56bfc062723c751e8b465ee728b)  -> (artifact id: '63b1e42e8088fc286363a3f18282cdda') in 0.009843 seconds 
========================================================================
Received Import Request.
  Time since last request: 0.000013 seconds.
  path: Assets/PolygonPrototype/Models/SM_Buildings_Rail_5x1_01.fbx
  artifactKey: Guid(bad7bb0cab1d866479d8ca3b98a1ed3b) Importer(815301076,1909f56bfc062723c751e8b465ee728b)
Start importing Assets/PolygonPrototype/Models/SM_Buildings_Rail_5x1_01.fbx using Guid(bad7bb0cab1d866479d8ca3b98a1ed3b) Importer(815301076,1909f56bfc062723c751e8b465ee728b)  -> (artifact id: '3b4040916f0a83d8780f1e9e59cdc84a') in 0.010627 seconds 
========================================================================
Received Import Request.
  Time since last request: 0.000016 seconds.
  path: Assets/PolygonPrototype/Models/SM_Buildings_Ramp_35_1x1_01P.fbx
  artifactKey: Guid(eb83ae6466a82db4b90cab123d47325d) Importer(815301076,1909f56bfc062723c751e8b465ee728b)
Start importing Assets/PolygonPrototype/Models/SM_Buildings_Ramp_35_1x1_01P.fbx using Guid(eb83ae6466a82db4b90cab123d47325d) Importer(815301076,1909f56bfc062723c751e8b465ee728b)  -> (artifact id: '7be1759fbabbab0bed14cf90a686ecb6') in 0.011118 seconds 
========================================================================
Received Import Request.
  Time since last request: 0.000013 seconds.
  path: Assets/PolygonPrototype/Models/SM_Buildings_Ramp_40_1x1_01.fbx
  artifactKey: Guid(e611aba0187903d4cb527c98c4e28fac) Importer(815301076,1909f56bfc062723c751e8b465ee728b)
Start importing Assets/PolygonPrototype/Models/SM_Buildings_Ramp_40_1x1_01.fbx using Guid(e611aba0187903d4cb527c98c4e28fac) Importer(815301076,1909f56bfc062723c751e8b465ee728b)  -> (artifact id: '5fccbbecece23c84cc4e6648f620d401') in 0.010812 seconds 
========================================================================
Received Import Request.
  Time since last request: 0.000015 seconds.
  path: Assets/PolygonPrototype/Models/SM_Buildings_Door_01P.fbx
  artifactKey: Guid(8dd0cf6ebf9ba9b4fb214e7bf6bda493) Importer(815301076,1909f56bfc062723c751e8b465ee728b)
Start importing Assets/PolygonPrototype/Models/SM_Buildings_Door_01P.fbx using Guid(8dd0cf6ebf9ba9b4fb214e7bf6bda493) Importer(815301076,1909f56bfc062723c751e8b465ee728b)  -> (artifact id: 'ae24020f2ef68739fb7fefc265a7dd1c') in 0.010160 seconds 
========================================================================
Received Import Request.
  Time since last request: 0.000014 seconds.
  path: Assets/PolygonPrototype/Models/SM_Buildings_FloorInner_Curved_2x2_01.fbx
  artifactKey: Guid(5d85c4420def25e4e9552dc06bce40a0) Importer(815301076,1909f56bfc062723c751e8b465ee728b)
Start importing Assets/PolygonPrototype/Models/SM_Buildings_FloorInner_Curved_2x2_01.fbx using Guid(5d85c4420def25e4e9552dc06bce40a0) Importer(815301076,1909f56bfc062723c751e8b465ee728b)  -> (artifact id: '0e0ea783f14ef34d452a43b06e351d34') in 0.010639 seconds 
========================================================================
Received Import Request.
  Time since last request: 0.000015 seconds.
  path: Assets/PolygonPrototype/Models/SM_Buildings_Ramp_50_1x1_01P.fbx
  artifactKey: Guid(dc5a1a23fde45e845b537d1c4b59b04c) Importer(815301076,1909f56bfc062723c751e8b465ee728b)
Start importing Assets/PolygonPrototype/Models/SM_Buildings_Ramp_50_1x1_01P.fbx using Guid(dc5a1a23fde45e845b537d1c4b59b04c) Importer(815301076,1909f56bfc062723c751e8b465ee728b)  -> (artifact id: '54815c613e46bd279d3ec42fdd5a2f55') in 0.011184 seconds 
========================================================================
Received Import Request.
  Time since last request: 0.000016 seconds.
  path: Assets/PolygonPrototype/Models/SM_Buildings_Ramp_60_1x1_01.fbx
  artifactKey: Guid(a705e2c334302b1448dd93cfd04f9585) Importer(815301076,1909f56bfc062723c751e8b465ee728b)
Start importing Assets/PolygonPrototype/Models/SM_Buildings_Ramp_60_1x1_01.fbx using Guid(a705e2c334302b1448dd93cfd04f9585) Importer(815301076,1909f56bfc062723c751e8b465ee728b)  -> (artifact id: 'f868e4450992721d2a0b2baac10c5e20') in 0.010896 seconds 
========================================================================
Received Import Request.
  Time since last request: 0.000018 seconds.
  path: Assets/PolygonPrototype/Models/SM_Buildings_Ramp_25_1x1_01.fbx
  artifactKey: Guid(489a905ef5c877d4a8e6f9fb1f7f55e5) Importer(815301076,1909f56bfc062723c751e8b465ee728b)
Start importing Assets/PolygonPrototype/Models/SM_Buildings_Ramp_25_1x1_01.fbx using Guid(489a905ef5c877d4a8e6f9fb1f7f55e5) Importer(815301076,1909f56bfc062723c751e8b465ee728b)  -> (artifact id: '81dd05fd51d4708e1ec61dc1f3076d80') in 0.011238 seconds 
========================================================================
Received Import Request.
  Time since last request: 0.000027 seconds.
  path: Assets/PolygonPrototype/Models/SM_Buildings_RoofAngled_1x1_01P.fbx
  artifactKey: Guid(9519322d03271a34e8b2413230c4e3ff) Importer(815301076,1909f56bfc062723c751e8b465ee728b)
Start importing Assets/PolygonPrototype/Models/SM_Buildings_RoofAngled_1x1_01P.fbx using Guid(9519322d03271a34e8b2413230c4e3ff) Importer(815301076,1909f56bfc062723c751e8b465ee728b)  -> (artifact id: '72f2d324d4d6a8ffeb8841ec277d7936') in 0.011189 seconds 
========================================================================
Received Import Request.
  Time since last request: 0.000014 seconds.
  path: Assets/PolygonPrototype/Models/SM_Buildings_FloorCurved_2x2_01P.fbx
  artifactKey: Guid(3dc4b9c154cddaf429599eb071d4436c) Importer(815301076,1909f56bfc062723c751e8b465ee728b)
Start importing Assets/PolygonPrototype/Models/SM_Buildings_FloorCurved_2x2_01P.fbx using Guid(3dc4b9c154cddaf429599eb071d4436c) Importer(815301076,1909f56bfc062723c751e8b465ee728b)  -> (artifact id: '574ef6391e66bd1e02317d4ea0e5e956') in 0.012052 seconds 
========================================================================
Received Import Request.
  Time since last request: 0.000013 seconds.
  path: Assets/PolygonPrototype/Models/SM_Buildings_FloorHole_1x1_01P.fbx
  artifactKey: Guid(1493d176cf288564ea48497dc492a25d) Importer(815301076,1909f56bfc062723c751e8b465ee728b)
Start importing Assets/PolygonPrototype/Models/SM_Buildings_FloorHole_1x1_01P.fbx using Guid(1493d176cf288564ea48497dc492a25d) Importer(815301076,1909f56bfc062723c751e8b465ee728b)  -> (artifact id: '02f6937fa1ffa3bcfd536cebdad94470') in 0.011197 seconds 
========================================================================
Received Import Request.
  Time since last request: 0.000013 seconds.
  path: Assets/PolygonPrototype/Models/SM_Buildings_FloorAngle_5x5_01.fbx
  artifactKey: Guid(f16a5273d4eb0ed49b1700bbd23d4876) Importer(815301076,1909f56bfc062723c751e8b465ee728b)
Start importing Assets/PolygonPrototype/Models/SM_Buildings_FloorAngle_5x5_01.fbx using Guid(f16a5273d4eb0ed49b1700bbd23d4876) Importer(815301076,1909f56bfc062723c751e8b465ee728b)  -> (artifact id: 'f48d422993c6c1f7be0d00fa7c8de899') in 0.010665 seconds 
========================================================================
Received Import Request.
  Time since last request: 0.000013 seconds.
  path: Assets/PolygonPrototype/Models/SM_Buildings_Door_01.fbx
  artifactKey: Guid(c65f1edc3379dbf448438ab0b5e0292a) Importer(815301076,1909f56bfc062723c751e8b465ee728b)
Start importing Assets/PolygonPrototype/Models/SM_Buildings_Door_01.fbx using Guid(c65f1edc3379dbf448438ab0b5e0292a) Importer(815301076,1909f56bfc062723c751e8b465ee728b)  -> (artifact id: '180ecfbfbad734a4e5e8c0ad3f092501') in 0.009998 seconds 
========================================================================
Received Import Request.
  Time since last request: 0.000013 seconds.
  path: Assets/PolygonPrototype/Models/SM_Buildings_RoofAngled_5x5_01.fbx
  artifactKey: Guid(e9df72721bd4bc74399d147d14cf4fbd) Importer(815301076,1909f56bfc062723c751e8b465ee728b)
Start importing Assets/PolygonPrototype/Models/SM_Buildings_RoofAngled_5x5_01.fbx using Guid(e9df72721bd4bc74399d147d14cf4fbd) Importer(815301076,1909f56bfc062723c751e8b465ee728b)  -> (artifact id: '491bf2dbfb53c8cc1c7de46f678285e0') in 0.011957 seconds 
========================================================================
Received Import Request.
  Time since last request: 0.000014 seconds.
  path: Assets/PolygonPrototype/Models/SM_Buildings_FloorAngle_5x5_01P.fbx
  artifactKey: Guid(d16b3e6cb92f61449980843d1c320717) Importer(815301076,1909f56bfc062723c751e8b465ee728b)
Start importing Assets/PolygonPrototype/Models/SM_Buildings_FloorAngle_5x5_01P.fbx using Guid(d16b3e6cb92f61449980843d1c320717) Importer(815301076,1909f56bfc062723c751e8b465ee728b)  -> (artifact id: '66fa1e53324a0a4b31c670724405591e') in 0.010359 seconds 
========================================================================
Received Import Request.
  Time since last request: 0.000012 seconds.
  path: Assets/PolygonPrototype/Models/SM_Buildings_Block_1x1_01P.fbx
  artifactKey: Guid(4271e1f51cf274c499b8283b04da0c03) Importer(815301076,1909f56bfc062723c751e8b465ee728b)
Start importing Assets/PolygonPrototype/Models/SM_Buildings_Block_1x1_01P.fbx using Guid(4271e1f51cf274c499b8283b04da0c03) Importer(815301076,1909f56bfc062723c751e8b465ee728b)  -> (artifact id: 'f44a7ea658b1bdf454e9f89dd832ef03') in 0.010523 seconds 
========================================================================
Received Import Request.
  Time since last request: 0.000019 seconds.
  path: Assets/PolygonPrototype/Models/SM_Buildings_Ramp_20_1x1_01P.fbx
  artifactKey: Guid(5e747a14339ff7942bcae556683efe19) Importer(815301076,1909f56bfc062723c751e8b465ee728b)
Start importing Assets/PolygonPrototype/Models/SM_Buildings_Ramp_20_1x1_01P.fbx using Guid(5e747a14339ff7942bcae556683efe19) Importer(815301076,1909f56bfc062723c751e8b465ee728b)  -> (artifact id: '7447316743acd709a524b2a0c448419c') in 0.010097 seconds 
========================================================================
Received Import Request.
  Time since last request: 2.206256 seconds.
  path: Assets/PolygonPrototype/Textures/PolygonPrototype_Texture_01_Emission.png
  artifactKey: Guid(c0cde391f6ee96749be5d6df0f1c83d5) Importer(815301076,1909f56bfc062723c751e8b465ee728b)
Start importing Assets/PolygonPrototype/Textures/PolygonPrototype_Texture_01_Emission.png using Guid(c0cde391f6ee96749be5d6df0f1c83d5) Importer(815301076,1909f56bfc062723c751e8b465ee728b)  -> (artifact id: 'a644f54ff668231aa463e092d254472b') in 0.017125 seconds 
========================================================================
Received Import Request.
  Time since last request: 0.000013 seconds.
  path: Assets/PolygonPrototype/Textures/PolygonPrototype_Texture_Grid_01.png
  artifactKey: Guid(2a09470ada0c47849ad79d26363f8e4a) Importer(815301076,1909f56bfc062723c751e8b465ee728b)
Start importing Assets/PolygonPrototype/Textures/PolygonPrototype_Texture_Grid_01.png using Guid(2a09470ada0c47849ad79d26363f8e4a) Importer(815301076,1909f56bfc062723c751e8b465ee728b)  -> (artifact id: '7b56ed387f309d836cc6e88bc110838a') in 0.007410 seconds 
========================================================================
Received Import Request.
  Time since last request: 0.000017 seconds.
  path: Assets/PolygonPrototype/Textures/PolygonPrototype_Texture_Grid_02.png
  artifactKey: Guid(6b38ffdcc39b96042a822bb3f490eefd) Importer(815301076,1909f56bfc062723c751e8b465ee728b)
Start importing Assets/PolygonPrototype/Textures/PolygonPrototype_Texture_Grid_02.png using Guid(6b38ffdcc39b96042a822bb3f490eefd) Importer(815301076,1909f56bfc062723c751e8b465ee728b)  -> (artifact id: '3dfb1cb66b276875db1f7f73b10c1825') in 0.007080 seconds 
========================================================================
Received Import Request.
  Time since last request: 0.000018 seconds.
  path: Assets/PolygonPrototype/Textures/PolygonPrototype_Texture_Grid_07.png
  artifactKey: Guid(7789f4efbb0f45c4780925243375a18e) Importer(815301076,1909f56bfc062723c751e8b465ee728b)
Start importing Assets/PolygonPrototype/Textures/PolygonPrototype_Texture_Grid_07.png using Guid(7789f4efbb0f45c4780925243375a18e) Importer(815301076,1909f56bfc062723c751e8b465ee728b)  -> (artifact id: '5e27c9807135a272746dfad1f17e8281') in 0.007266 seconds 
========================================================================
Received Import Request.
  Time since last request: 0.000014 seconds.
  path: Assets/PolygonPrototype/Textures/PolygonPrototype_Texture_04.png
  artifactKey: Guid(56d0dcfd4f388074b86b2ca24191e027) Importer(815301076,1909f56bfc062723c751e8b465ee728b)
Start importing Assets/PolygonPrototype/Textures/PolygonPrototype_Texture_04.png using Guid(56d0dcfd4f388074b86b2ca24191e027) Importer(815301076,1909f56bfc062723c751e8b465ee728b)  -> (artifact id: 'a96b25e365f1a1b8bf89770c058966e6') in 0.008177 seconds 
========================================================================
Received Import Request.
  Time since last request: 0.000015 seconds.
  path: Assets/PolygonPrototype/Textures/PolygonPrototype_Texture_03.png
  artifactKey: Guid(24f3639160792c447b0654fa3b55a9da) Importer(815301076,1909f56bfc062723c751e8b465ee728b)
Start importing Assets/PolygonPrototype/Textures/PolygonPrototype_Texture_03.png using Guid(24f3639160792c447b0654fa3b55a9da) Importer(815301076,1909f56bfc062723c751e8b465ee728b)  -> (artifact id: '71b466b623ab976e84a3e3eb149198e3') in 0.008510 seconds 
========================================================================
Received Import Request.
  Time since last request: 0.000018 seconds.
  path: Assets/PolygonPrototype/Textures/PolygonPrototype_Texture_07.png
  artifactKey: Guid(ba6d3750577556449812b1bbf8ccd2bc) Importer(815301076,1909f56bfc062723c751e8b465ee728b)
Start importing Assets/PolygonPrototype/Textures/PolygonPrototype_Texture_07.png using Guid(ba6d3750577556449812b1bbf8ccd2bc) Importer(815301076,1909f56bfc062723c751e8b465ee728b)  -> (artifact id: 'f1f9f976339a95cd767250fe262baee1') in 0.009073 seconds 
========================================================================
Received Import Request.
  Time since last request: 0.000029 seconds.
  path: Assets/PolygonPrototype/Textures/PolygonPrototype_Texture_06.png
  artifactKey: Guid(39e6fbca0660715408ee44a3391e9b29) Importer(815301076,1909f56bfc062723c751e8b465ee728b)
Start importing Assets/PolygonPrototype/Textures/PolygonPrototype_Texture_06.png using Guid(39e6fbca0660715408ee44a3391e9b29) Importer(815301076,1909f56bfc062723c751e8b465ee728b)  -> (artifact id: 'ec878781a0abc00e672c4152ce2cbd40') in 0.008966 seconds 
========================================================================
Received Import Request.
  Time since last request: 0.000020 seconds.
  path: Assets/PolygonPrototype/Textures/PolygonPrototype_Texture_10.png
  artifactKey: Guid(52b9d8791ea480146bc8d83c6b17e8ff) Importer(815301076,1909f56bfc062723c751e8b465ee728b)
Start importing Assets/PolygonPrototype/Textures/PolygonPrototype_Texture_10.png using Guid(52b9d8791ea480146bc8d83c6b17e8ff) Importer(815301076,1909f56bfc062723c751e8b465ee728b)  -> (artifact id: '20823027ec1d331fc23f890cc4cb60a3') in 0.007186 seconds 
========================================================================
Received Import Request.
  Time since last request: 1.764194 seconds.
  path: Assets/Resources/Robot Kyle.prefab
  artifactKey: Guid(58b0d8c977a52de43b6a5154890caf72) Importer(815301076,1909f56bfc062723c751e8b465ee728b)
Start importing Assets/Resources/Robot Kyle.prefab using Guid(58b0d8c977a52de43b6a5154890caf72) Importer(815301076,1909f56bfc062723c751e8b465ee728b)  -> (artifact id: '9612e4870b5b31dadb60b128a8f2a0d2') in 0.062933 seconds 
